<?xml version="1.0" encoding="UTF-8"?>
<testsuite xmlns:xsi="http://www.w3.org/2001/XMLSchema-instance" xsi:noNamespaceSchemaLocation="https://maven.apache.org/surefire/maven-surefire-plugin/xsd/surefire-test-report-3.0.xsd" version="3.0" name="TestSuite" time="31.342" tests="5" errors="0" skipped="0" failures="0">
  <properties>
    <property name="gopherProxySet" value="false"/>
    <property name="awt.toolkit" value="sun.lwawt.macosx.LWCToolkit"/>
    <property name="file.encoding.pkg" value="sun.io"/>
    <property name="java.specification.version" value="1.8"/>
    <property name="sun.cpu.isalist" value=""/>
    <property name="sun.jnu.encoding" value="UTF-8"/>
    <property name="java.class.path" value="/Users/sujaysawant/Documents/Projects/file-upload-download/target/test-classes:/Users/sujaysawant/Documents/Projects/file-upload-download/target/classes:/Users/sujaysawant/.m2/repository/io/appium/java-client/7.5.1/java-client-7.5.1.jar:/Users/sujaysawant/.m2/repository/org/seleniumhq/selenium/selenium-java/3.141.59/selenium-java-3.141.59.jar:/Users/sujaysawant/.m2/repository/org/seleniumhq/selenium/selenium-chrome-driver/3.141.59/selenium-chrome-driver-3.141.59.jar:/Users/sujaysawant/.m2/repository/org/seleniumhq/selenium/selenium-edge-driver/3.141.59/selenium-edge-driver-3.141.59.jar:/Users/sujaysawant/.m2/repository/org/seleniumhq/selenium/selenium-firefox-driver/3.141.59/selenium-firefox-driver-3.141.59.jar:/Users/sujaysawant/.m2/repository/org/seleniumhq/selenium/selenium-ie-driver/3.141.59/selenium-ie-driver-3.141.59.jar:/Users/sujaysawant/.m2/repository/org/seleniumhq/selenium/selenium-opera-driver/3.141.59/selenium-opera-driver-3.141.59.jar:/Users/sujaysawant/.m2/repository/org/seleniumhq/selenium/selenium-remote-driver/3.141.59/selenium-remote-driver-3.141.59.jar:/Users/sujaysawant/.m2/repository/org/seleniumhq/selenium/selenium-safari-driver/3.141.59/selenium-safari-driver-3.141.59.jar:/Users/sujaysawant/.m2/repository/net/bytebuddy/byte-buddy/1.8.15/byte-buddy-1.8.15.jar:/Users/sujaysawant/.m2/repository/org/apache/commons/commons-exec/1.3/commons-exec-1.3.jar:/Users/sujaysawant/.m2/repository/com/google/guava/guava/25.0-jre/guava-25.0-jre.jar:/Users/sujaysawant/.m2/repository/com/google/code/findbugs/jsr305/1.3.9/jsr305-1.3.9.jar:/Users/sujaysawant/.m2/repository/org/checkerframework/checker-compat-qual/2.0.0/checker-compat-qual-2.0.0.jar:/Users/sujaysawant/.m2/repository/com/google/errorprone/error_prone_annotations/2.1.3/error_prone_annotations-2.1.3.jar:/Users/sujaysawant/.m2/repository/com/google/j2objc/j2objc-annotations/1.1/j2objc-annotations-1.1.jar:/Users/sujaysawant/.m2/repository/org/codehaus/mojo/animal-sniffer-annotations/1.14/animal-sniffer-annotations-1.14.jar:/Users/sujaysawant/.m2/repository/com/squareup/okhttp3/okhttp/3.11.0/okhttp-3.11.0.jar:/Users/sujaysawant/.m2/repository/com/squareup/okio/okio/1.14.0/okio-1.14.0.jar:/Users/sujaysawant/.m2/repository/org/seleniumhq/selenium/selenium-support/3.141.59/selenium-support-3.141.59.jar:/Users/sujaysawant/.m2/repository/org/seleniumhq/selenium/selenium-api/3.141.59/selenium-api-3.141.59.jar:/Users/sujaysawant/.m2/repository/com/google/code/gson/gson/2.8.6/gson-2.8.6.jar:/Users/sujaysawant/.m2/repository/org/apache/httpcomponents/httpclient/4.5.13/httpclient-4.5.13.jar:/Users/sujaysawant/.m2/repository/org/apache/httpcomponents/httpcore/4.4.13/httpcore-4.4.13.jar:/Users/sujaysawant/.m2/repository/commons-logging/commons-logging/1.2/commons-logging-1.2.jar:/Users/sujaysawant/.m2/repository/commons-codec/commons-codec/1.11/commons-codec-1.11.jar:/Users/sujaysawant/.m2/repository/cglib/cglib/3.3.0/cglib-3.3.0.jar:/Users/sujaysawant/.m2/repository/org/ow2/asm/asm/7.1/asm-7.1.jar:/Users/sujaysawant/.m2/repository/commons-validator/commons-validator/1.7/commons-validator-1.7.jar:/Users/sujaysawant/.m2/repository/commons-beanutils/commons-beanutils/1.9.4/commons-beanutils-1.9.4.jar:/Users/sujaysawant/.m2/repository/commons-digester/commons-digester/2.1/commons-digester-2.1.jar:/Users/sujaysawant/.m2/repository/commons-collections/commons-collections/3.2.2/commons-collections-3.2.2.jar:/Users/sujaysawant/.m2/repository/org/apache/commons/commons-lang3/3.12.0/commons-lang3-3.12.0.jar:/Users/sujaysawant/.m2/repository/commons-io/commons-io/2.8.0/commons-io-2.8.0.jar:/Users/sujaysawant/.m2/repository/org/springframework/spring-context/5.3.4/spring-context-5.3.4.jar:/Users/sujaysawant/.m2/repository/org/springframework/spring-aop/5.3.4/spring-aop-5.3.4.jar:/Users/sujaysawant/.m2/repository/org/springframework/spring-beans/5.3.4/spring-beans-5.3.4.jar:/Users/sujaysawant/.m2/repository/org/springframework/spring-core/5.3.4/spring-core-5.3.4.jar:/Users/sujaysawant/.m2/repository/org/springframework/spring-jcl/5.3.4/spring-jcl-5.3.4.jar:/Users/sujaysawant/.m2/repository/org/springframework/spring-expression/5.3.4/spring-expression-5.3.4.jar:/Users/sujaysawant/.m2/repository/org/aspectj/aspectjweaver/1.9.6/aspectjweaver-1.9.6.jar:/Users/sujaysawant/.m2/repository/org/slf4j/slf4j-api/1.7.30/slf4j-api-1.7.30.jar:/Users/sujaysawant/.m2/repository/org/testng/testng/7.4.0/testng-7.4.0.jar:/Users/sujaysawant/.m2/repository/com/beust/jcommander/1.78/jcommander-1.78.jar:/Users/sujaysawant/.m2/repository/org/webjars/jquery/3.5.1/jquery-3.5.1.jar:/Users/sujaysawant/.m2/repository/io/rest-assured/rest-assured/4.3.3/rest-assured-4.3.3.jar:/Users/sujaysawant/.m2/repository/org/codehaus/groovy/groovy/3.0.7/groovy-3.0.7.jar:/Users/sujaysawant/.m2/repository/org/codehaus/groovy/groovy-xml/3.0.7/groovy-xml-3.0.7.jar:/Users/sujaysawant/.m2/repository/org/apache/httpcomponents/httpmime/4.5.3/httpmime-4.5.3.jar:/Users/sujaysawant/.m2/repository/org/hamcrest/hamcrest/2.1/hamcrest-2.1.jar:/Users/sujaysawant/.m2/repository/org/ccil/cowan/tagsoup/tagsoup/1.2.1/tagsoup-1.2.1.jar:/Users/sujaysawant/.m2/repository/io/rest-assured/json-path/4.3.3/json-path-4.3.3.jar:/Users/sujaysawant/.m2/repository/org/codehaus/groovy/groovy-json/3.0.7/groovy-json-3.0.7.jar:/Users/sujaysawant/.m2/repository/io/rest-assured/rest-assured-common/4.3.3/rest-assured-common-4.3.3.jar:/Users/sujaysawant/.m2/repository/io/rest-assured/xml-path/4.3.3/xml-path-4.3.3.jar:/Users/sujaysawant/.m2/repository/jakarta/xml/bind/jakarta.xml.bind-api/2.3.3/jakarta.xml.bind-api-2.3.3.jar:/Users/sujaysawant/.m2/repository/jakarta/activation/jakarta.activation-api/1.2.2/jakarta.activation-api-1.2.2.jar:/Users/sujaysawant/.m2/repository/com/sun/xml/bind/jaxb-impl/2.3.3/jaxb-impl-2.3.3.jar:"/>
    <property name="java.vm.vendor" value="BellSoft"/>
    <property name="sun.arch.data.model" value="64"/>
    <property name="java.vendor.url" value="https://bell-sw.com/"/>
    <property name="user.timezone" value="Asia/Kolkata"/>
    <property name="java.vm.specification.version" value="1.8"/>
    <property name="os.name" value="Mac OS X"/>
    <property name="user.country" value="IN"/>
    <property name="sun.java.launcher" value="SUN_STANDARD"/>
    <property name="sun.boot.library.path" value="/Users/sujaysawant/Library/Java/JavaVirtualMachines/liberica-1.8.0_302/jre/lib"/>
    <property name="sun.java.command" value="/Users/sujaysawant/Documents/Projects/file-upload-download/target/surefire/surefirebooter172273492962168247.jar /Users/sujaysawant/Documents/Projects/file-upload-download/target/surefire 2022-01-26T13-11-19_503-jvmRun1 surefire8057277502156162519tmp surefire_04373871711889867727tmp"/>
    <property name="surefire.test.class.path" value="/Users/sujaysawant/Documents/Projects/file-upload-download/target/test-classes:/Users/sujaysawant/Documents/Projects/file-upload-download/target/classes:/Users/sujaysawant/.m2/repository/io/appium/java-client/7.5.1/java-client-7.5.1.jar:/Users/sujaysawant/.m2/repository/org/seleniumhq/selenium/selenium-java/3.141.59/selenium-java-3.141.59.jar:/Users/sujaysawant/.m2/repository/org/seleniumhq/selenium/selenium-chrome-driver/3.141.59/selenium-chrome-driver-3.141.59.jar:/Users/sujaysawant/.m2/repository/org/seleniumhq/selenium/selenium-edge-driver/3.141.59/selenium-edge-driver-3.141.59.jar:/Users/sujaysawant/.m2/repository/org/seleniumhq/selenium/selenium-firefox-driver/3.141.59/selenium-firefox-driver-3.141.59.jar:/Users/sujaysawant/.m2/repository/org/seleniumhq/selenium/selenium-ie-driver/3.141.59/selenium-ie-driver-3.141.59.jar:/Users/sujaysawant/.m2/repository/org/seleniumhq/selenium/selenium-opera-driver/3.141.59/selenium-opera-driver-3.141.59.jar:/Users/sujaysawant/.m2/repository/org/seleniumhq/selenium/selenium-remote-driver/3.141.59/selenium-remote-driver-3.141.59.jar:/Users/sujaysawant/.m2/repository/org/seleniumhq/selenium/selenium-safari-driver/3.141.59/selenium-safari-driver-3.141.59.jar:/Users/sujaysawant/.m2/repository/net/bytebuddy/byte-buddy/1.8.15/byte-buddy-1.8.15.jar:/Users/sujaysawant/.m2/repository/org/apache/commons/commons-exec/1.3/commons-exec-1.3.jar:/Users/sujaysawant/.m2/repository/com/google/guava/guava/25.0-jre/guava-25.0-jre.jar:/Users/sujaysawant/.m2/repository/com/google/code/findbugs/jsr305/1.3.9/jsr305-1.3.9.jar:/Users/sujaysawant/.m2/repository/org/checkerframework/checker-compat-qual/2.0.0/checker-compat-qual-2.0.0.jar:/Users/sujaysawant/.m2/repository/com/google/errorprone/error_prone_annotations/2.1.3/error_prone_annotations-2.1.3.jar:/Users/sujaysawant/.m2/repository/com/google/j2objc/j2objc-annotations/1.1/j2objc-annotations-1.1.jar:/Users/sujaysawant/.m2/repository/org/codehaus/mojo/animal-sniffer-annotations/1.14/animal-sniffer-annotations-1.14.jar:/Users/sujaysawant/.m2/repository/com/squareup/okhttp3/okhttp/3.11.0/okhttp-3.11.0.jar:/Users/sujaysawant/.m2/repository/com/squareup/okio/okio/1.14.0/okio-1.14.0.jar:/Users/sujaysawant/.m2/repository/org/seleniumhq/selenium/selenium-support/3.141.59/selenium-support-3.141.59.jar:/Users/sujaysawant/.m2/repository/org/seleniumhq/selenium/selenium-api/3.141.59/selenium-api-3.141.59.jar:/Users/sujaysawant/.m2/repository/com/google/code/gson/gson/2.8.6/gson-2.8.6.jar:/Users/sujaysawant/.m2/repository/org/apache/httpcomponents/httpclient/4.5.13/httpclient-4.5.13.jar:/Users/sujaysawant/.m2/repository/org/apache/httpcomponents/httpcore/4.4.13/httpcore-4.4.13.jar:/Users/sujaysawant/.m2/repository/commons-logging/commons-logging/1.2/commons-logging-1.2.jar:/Users/sujaysawant/.m2/repository/commons-codec/commons-codec/1.11/commons-codec-1.11.jar:/Users/sujaysawant/.m2/repository/cglib/cglib/3.3.0/cglib-3.3.0.jar:/Users/sujaysawant/.m2/repository/org/ow2/asm/asm/7.1/asm-7.1.jar:/Users/sujaysawant/.m2/repository/commons-validator/commons-validator/1.7/commons-validator-1.7.jar:/Users/sujaysawant/.m2/repository/commons-beanutils/commons-beanutils/1.9.4/commons-beanutils-1.9.4.jar:/Users/sujaysawant/.m2/repository/commons-digester/commons-digester/2.1/commons-digester-2.1.jar:/Users/sujaysawant/.m2/repository/commons-collections/commons-collections/3.2.2/commons-collections-3.2.2.jar:/Users/sujaysawant/.m2/repository/org/apache/commons/commons-lang3/3.12.0/commons-lang3-3.12.0.jar:/Users/sujaysawant/.m2/repository/commons-io/commons-io/2.8.0/commons-io-2.8.0.jar:/Users/sujaysawant/.m2/repository/org/springframework/spring-context/5.3.4/spring-context-5.3.4.jar:/Users/sujaysawant/.m2/repository/org/springframework/spring-aop/5.3.4/spring-aop-5.3.4.jar:/Users/sujaysawant/.m2/repository/org/springframework/spring-beans/5.3.4/spring-beans-5.3.4.jar:/Users/sujaysawant/.m2/repository/org/springframework/spring-core/5.3.4/spring-core-5.3.4.jar:/Users/sujaysawant/.m2/repository/org/springframework/spring-jcl/5.3.4/spring-jcl-5.3.4.jar:/Users/sujaysawant/.m2/repository/org/springframework/spring-expression/5.3.4/spring-expression-5.3.4.jar:/Users/sujaysawant/.m2/repository/org/aspectj/aspectjweaver/1.9.6/aspectjweaver-1.9.6.jar:/Users/sujaysawant/.m2/repository/org/slf4j/slf4j-api/1.7.30/slf4j-api-1.7.30.jar:/Users/sujaysawant/.m2/repository/org/testng/testng/7.4.0/testng-7.4.0.jar:/Users/sujaysawant/.m2/repository/com/beust/jcommander/1.78/jcommander-1.78.jar:/Users/sujaysawant/.m2/repository/org/webjars/jquery/3.5.1/jquery-3.5.1.jar:/Users/sujaysawant/.m2/repository/io/rest-assured/rest-assured/4.3.3/rest-assured-4.3.3.jar:/Users/sujaysawant/.m2/repository/org/codehaus/groovy/groovy/3.0.7/groovy-3.0.7.jar:/Users/sujaysawant/.m2/repository/org/codehaus/groovy/groovy-xml/3.0.7/groovy-xml-3.0.7.jar:/Users/sujaysawant/.m2/repository/org/apache/httpcomponents/httpmime/4.5.3/httpmime-4.5.3.jar:/Users/sujaysawant/.m2/repository/org/hamcrest/hamcrest/2.1/hamcrest-2.1.jar:/Users/sujaysawant/.m2/repository/org/ccil/cowan/tagsoup/tagsoup/1.2.1/tagsoup-1.2.1.jar:/Users/sujaysawant/.m2/repository/io/rest-assured/json-path/4.3.3/json-path-4.3.3.jar:/Users/sujaysawant/.m2/repository/org/codehaus/groovy/groovy-json/3.0.7/groovy-json-3.0.7.jar:/Users/sujaysawant/.m2/repository/io/rest-assured/rest-assured-common/4.3.3/rest-assured-common-4.3.3.jar:/Users/sujaysawant/.m2/repository/io/rest-assured/xml-path/4.3.3/xml-path-4.3.3.jar:/Users/sujaysawant/.m2/repository/jakarta/xml/bind/jakarta.xml.bind-api/2.3.3/jakarta.xml.bind-api-2.3.3.jar:/Users/sujaysawant/.m2/repository/jakarta/activation/jakarta.activation-api/1.2.2/jakarta.activation-api-1.2.2.jar:/Users/sujaysawant/.m2/repository/com/sun/xml/bind/jaxb-impl/2.3.3/jaxb-impl-2.3.3.jar:"/>
    <property name="sun.cpu.endian" value="little"/>
    <property name="user.home" value="/Users/sujaysawant"/>
    <property name="user.language" value="en"/>
    <property name="java.specification.vendor" value="Oracle Corporation"/>
    <property name="java.home" value="/Users/sujaysawant/Library/Java/JavaVirtualMachines/liberica-1.8.0_302/jre"/>
    <property name="basedir" value="/Users/sujaysawant/Documents/Projects/file-upload-download"/>
    <property name="file.separator" value="/"/>
    <property name="line.separator" value="&#10;"/>
    <property name="java.vm.specification.vendor" value="Oracle Corporation"/>
    <property name="java.specification.name" value="Java Platform API Specification"/>
    <property name="java.awt.graphicsenv" value="sun.awt.CGraphicsEnvironment"/>
    <property name="surefire.real.class.path" value="/Users/sujaysawant/Documents/Projects/file-upload-download/target/surefire/surefirebooter172273492962168247.jar"/>
    <property name="sun.boot.class.path" value="/Users/sujaysawant/Library/Java/JavaVirtualMachines/liberica-1.8.0_302/jre/lib/resources.jar:/Users/sujaysawant/Library/Java/JavaVirtualMachines/liberica-1.8.0_302/jre/lib/rt.jar:/Users/sujaysawant/Library/Java/JavaVirtualMachines/liberica-1.8.0_302/jre/lib/sunrsasign.jar:/Users/sujaysawant/Library/Java/JavaVirtualMachines/liberica-1.8.0_302/jre/lib/jsse.jar:/Users/sujaysawant/Library/Java/JavaVirtualMachines/liberica-1.8.0_302/jre/lib/jce.jar:/Users/sujaysawant/Library/Java/JavaVirtualMachines/liberica-1.8.0_302/jre/lib/charsets.jar:/Users/sujaysawant/Library/Java/JavaVirtualMachines/liberica-1.8.0_302/jre/lib/jfr.jar:/Users/sujaysawant/Library/Java/JavaVirtualMachines/liberica-1.8.0_302/jre/classes"/>
    <property name="sun.management.compiler" value="HotSpot 64-Bit Tiered Compilers"/>
    <property name="java.runtime.version" value="1.8.0_302-b08"/>
    <property name="user.name" value="sujaysawant"/>
    <property name="path.separator" value=":"/>
    <property name="os.version" value="12.0.1"/>
    <property name="java.endorsed.dirs" value="/Users/sujaysawant/Library/Java/JavaVirtualMachines/liberica-1.8.0_302/jre/lib/endorsed"/>
    <property name="java.runtime.name" value="OpenJDK Runtime Environment"/>
    <property name="file.encoding" value="US-ASCII"/>
    <property name="java.vm.name" value="OpenJDK 64-Bit Server VM"/>
    <property name="localRepository" value="/Users/sujaysawant/.m2/repository"/>
    <property name="java.vendor.url.bug" value="https://bell-sw.com/support"/>
    <property name="java.io.tmpdir" value="/var/folders/bd/z2lzpf4s18b65m8dfzkpv69h0000gn/T/"/>
    <property name="java.version" value="1.8.0_302"/>
    <property name="user.dir" value="/Users/sujaysawant/Documents/Projects/file-upload-download"/>
    <property name="os.arch" value="aarch64"/>
    <property name="java.vm.specification.name" value="Java Virtual Machine Specification"/>
    <property name="java.awt.printerjob" value="sun.lwawt.macosx.CPrinterJob"/>
    <property name="sun.os.patch.level" value="unknown"/>
    <property name="java.library.path" value="/Users/sujaysawant/Library/Java/Extensions:/Library/Java/Extensions:/Network/Library/Java/Extensions:/System/Library/Java/Extensions:/usr/lib/java:."/>
    <property name="java.vm.info" value="mixed mode"/>
    <property name="java.vendor" value="BellSoft"/>
    <property name="java.vm.version" value="25.302-b08"/>
    <property name="java.ext.dirs" value="/Users/sujaysawant/Library/Java/Extensions:/Users/sujaysawant/Library/Java/JavaVirtualMachines/liberica-1.8.0_302/jre/lib/ext:/Library/Java/Extensions:/Network/Library/Java/Extensions:/System/Library/Java/Extensions:/usr/lib/java"/>
    <property name="sun.io.unicode.encoding" value="UnicodeBig"/>
    <property name="java.class.version" value="52.0"/>
    <property name="config" value="desktop"/>
  </properties>
  <testcase name="fileDownloadTest" classname="com.test.download.desktop.ParallelTest" time="3.764">
    <system-out><![CDATA[File exists: true
File properties: {changed_time=1643182896, modified_time=1643182896, size=3187, md5=71d277eaaa7b2ba6f63eda04dad1a6b4, created_time=1643182896}
]]></system-out>
    <system-err><![CDATA[Jan 26, 2022 1:11:27 PM org.openqa.selenium.remote.ProtocolHandshake createSession
INFO: Detected dialect: W3C
Jan 26, 2022 1:11:27 PM org.openqa.selenium.remote.ProtocolHandshake createSession
INFO: Detected dialect: W3C
Jan 26, 2022 1:11:29 PM org.openqa.selenium.remote.ProtocolHandshake createSession
INFO: Detected dialect: W3C
Jan 26, 2022 1:11:31 PM org.openqa.selenium.remote.ProtocolHandshake createSession
INFO: Detected dialect: W3C
Jan 26, 2022 1:11:35 PM org.openqa.selenium.remote.ProtocolHandshake createSession
INFO: Detected dialect: W3C
]]></system-err>
  </testcase>
  <testcase name="fileDownloadTest" classname="com.test.download.desktop.ParallelTest" time="3.903">
    <system-out><![CDATA[File exists: true
File exists: true
File properties: {md5=71d277eaaa7b2ba6f63eda04dad1a6b4, size=3187, changed_time=1643182899, modified_time=1643182898, created_time=1643182898}
]]></system-out>
  </testcase>
  <testcase name="fileDownloadTest" classname="com.test.download.desktop.ParallelTest" time="4.917">
    <system-out><![CDATA[File properties: {changed_time=1643182898, modified_time=1643182898, size=3187, md5=71d277eaaa7b2ba6f63eda04dad1a6b4, created_time=1643182898}
]]></system-out>
  </testcase>
  <testcase name="fileDownloadTest" classname="com.test.download.desktop.ParallelTest" time="13.312">
    <system-out><![CDATA[File exists: true
File properties: {changed_time=1643182905, modified_time=1643182905, size=3187, md5=71d277eaaa7b2ba6f63eda04dad1a6b4, created_time=1643182905}
]]></system-out>
  </testcase>
  <testcase name="fileDownloadTest" classname="com.test.download.desktop.ParallelTest" time="13.705">
    <system-out><![CDATA[File exists: true
File properties: {md5=71d277eaaa7b2ba6f63eda04dad1a6b4, size=3187, changed_time=1643182906, modified_time=1643182906, created_time=1643182906}
]]></system-out>
  </testcase>
</testsuite>