<?xml version="1.0" encoding="UTF-8"?>
<!-- Generated by org.testng.reporters.JUnitReportReporter -->
<testsuite skipped="0" hostname="Sujays-MacBook-Pro.local" name="com.test.download.desktop.ParallelTest" tests="5" failures="0" timestamp="2022-01-26T13:11:51 IST" time="128.105" errors="0">
  <testcase name="fileDownloadTest" time="21.769" classname="com.test.download.desktop.ParallelTest"/>
  <system-out/>
  <testcase name="fileDownloadTest" time="31.118" classname="com.test.download.desktop.ParallelTest"/>
  <system-out/>
  <testcase name="fileDownloadTest" time="22.715" classname="com.test.download.desktop.ParallelTest"/>
  <system-out/>
  <testcase name="fileDownloadTest" time="30.941" classname="com.test.download.desktop.ParallelTest"/>
  <system-out/>
  <testcase name="fileDownloadTest" time="21.562" classname="com.test.download.desktop.ParallelTest"/>
  <system-out/>
</testsuite> <!-- com.test.download.desktop.ParallelTest -->
